<?xml version="1.0" encoding="UTF-8"?>
<!-- Generated by org.testng.reporters.JUnitXMLReporter -->
<testsuite ignored="1" hostname="MacBook-Pro-rodion.local" failures="0" tests="1" name="UserTest" time="10.809" errors="0" timestamp="2022-11-07T12:25:25 IST">
  <testcase classname="com.telran.tests.bookStore.LoginPageTests" name="loginPositiveParametersTestNgTest" time="1.582"/>
  <testcase classname="com.telran.tests.bookStore.LoginPageTests" name="loginPositiveTest" time="0.0">
    <ignored/>
  </testcase> <!-- loginPositiveTest -->
</testsuite> <!-- UserTest -->
